<?xml version="1.0" encoding="UTF-8"?>
<testng-results ignored="0" total="3" passed="3" failed="0" skipped="0">
  <reporter-output>
  </reporter-output>
  <suite started-at="2022-09-19T14:42:10 WIB" name="Default suite" finished-at="2022-09-19T14:42:49 WIB" duration-ms="39217">
    <groups>
      <group name="cucumber">
        <method signature="AbstractTestNGCucumberTests.runScenario(io.cucumber.testng.PickleWrapper,io.cucumber.testng.FeatureWrapper)[pri:0, instance:com.psikotestonline.webadmin.testing.steps.TestRunner@771a660]" name="runScenario" class="io.cucumber.testng.AbstractTestNGCucumberTests"/>
      </group> <!-- cucumber -->
    </groups>
    <test started-at="2022-09-19T14:42:10 WIB" name="Default test" finished-at="2022-09-19T14:42:49 WIB" duration-ms="39217">
      <class name="com.psikotestonline.webadmin.testing.steps.TestRunner">
        <test-method is-config="true" signature="setUpClass(org.testng.ITestContext)[pri:0, instance:com.psikotestonline.webadmin.testing.steps.TestRunner@771a660]" started-at="2022-09-19T14:42:10 WIB" name="setUpClass" finished-at="2022-09-19T14:42:11 WIB" duration-ms="1182" status="PASS">
          <params>
            <param index="0">
              <value>
                <![CDATA[org.testng.TestRunner@1f7cec93]]>
              </value>
            </param>
          </params>
          <reporter-output>
          </reporter-output>
        </test-method> <!-- setUpClass -->
        <test-method signature="runScenario(io.cucumber.testng.PickleWrapper,io.cucumber.testng.FeatureWrapper)[pri:0, instance:com.psikotestonline.webadmin.testing.steps.TestRunner@771a660]" started-at="2022-09-19T14:42:11 WIB" name="runScenario" description="Runs Cucumber Scenarios" data-provider="scenarios" finished-at="2022-09-19T14:42:28 WIB" duration-ms="16108" status="PASS">
          <params>
            <param index="0">
              <value>
                <![CDATA["Search Data Active"]]>
              </value>
            </param>
            <param index="1">
              <value>
                <![CDATA["Search Data Users"]]>
              </value>
            </param>
          </params>
          <reporter-output>
          </reporter-output>
        </test-method> <!-- runScenario -->
        <test-method signature="runScenario(io.cucumber.testng.PickleWrapper,io.cucumber.testng.FeatureWrapper)[pri:0, instance:com.psikotestonline.webadmin.testing.steps.TestRunner@771a660]" started-at="2022-09-19T14:42:28 WIB" name="runScenario" description="Runs Cucumber Scenarios" data-provider="scenarios" finished-at="2022-09-19T14:42:38 WIB" duration-ms="10895" status="PASS">
          <params>
            <param index="0">
              <value>
                <![CDATA["Search Data By Email"]]>
              </value>
            </param>
            <param index="1">
              <value>
                <![CDATA["Search Data Users"]]>
              </value>
            </param>
          </params>
          <reporter-output>
          </reporter-output>
        </test-method> <!-- runScenario -->
        <test-method signature="runScenario(io.cucumber.testng.PickleWrapper,io.cucumber.testng.FeatureWrapper)[pri:0, instance:com.psikotestonline.webadmin.testing.steps.TestRunner@771a660]" started-at="2022-09-19T14:42:38 WIB" name="runScenario" description="Runs Cucumber Scenarios" data-provider="scenarios" finished-at="2022-09-19T14:42:49 WIB" duration-ms="10780" status="PASS">
          <params>
            <param index="0">
              <value>
                <![CDATA["Export Data Users"]]>
              </value>
            </param>
            <param index="1">
              <value>
                <![CDATA["Search Data Users"]]>
              </value>
            </param>
          </params>
          <reporter-output>
          </reporter-output>
        </test-method> <!-- runScenario -->
        <test-method is-config="true" signature="tearDownClass()[pri:0, instance:com.psikotestonline.webadmin.testing.steps.TestRunner@771a660]" started-at="2022-09-19T14:42:49 WIB" name="tearDownClass" finished-at="2022-09-19T14:42:49 WIB" duration-ms="160" status="PASS">
          <reporter-output>
          </reporter-output>
        </test-method> <!-- tearDownClass -->
      </class> <!-- com.psikotestonline.webadmin.testing.steps.TestRunner -->
    </test> <!-- Default test -->
  </suite> <!-- Default suite -->
</testng-results>
